<?xml version="1.0" encoding="UTF-8"?>
<!-- Generated by org.testng.reporters.JUnitXMLReporter -->
<testsuite hostname="Nehas-MBP.attlocal.net" name="Default test" tests="7" failures="0" timestamp="15 Aug 2016 18:33:33 GMT" time="0.102" errors="0">
  <testcase name="calculateProbabilityTest" time="0.018" classname="bioinformatics_practice.rosalind.WrightFisherModelTest"/>
  <testcase name="factorialNegativeNumber" time="0.003" classname="bioinformatics_practice.rosalind.WrightFisherModelTest"/>
  <testcase name="factorialOne" time="0.004" classname="bioinformatics_practice.rosalind.WrightFisherModelTest"/>
  <testcase name="factorialTest" time="0.003" classname="bioinformatics_practice.rosalind.WrightFisherModelTest"/>
  <testcase name="factorialZero" time="0.002" classname="bioinformatics_practice.rosalind.WrightFisherModelTest"/>
  <testcase name="wfmOverGenerations" time="0.023" classname="bioinformatics_practice.rosalind.WrightFisherModelTest"/>
  <testcase name="wfmPositiveTest" time="0.002" classname="bioinformatics_practice.rosalind.WrightFisherModelTest"/>
</testsuite> <!-- Default test -->
