<?xml version="1.0" encoding="UTF-8"?>
<testng-results skipped="0" failed="0" total="4" passed="4">
  <reporter-output>
  </reporter-output>
  <suite name="Default suite" duration-ms="57" started-at="2016-08-15T04:18:33Z" finished-at="2016-08-15T04:18:33Z">
    <groups>
    </groups>
    <test name="Default test" duration-ms="57" started-at="2016-08-15T04:18:33Z" finished-at="2016-08-15T04:18:33Z">
      <class name="bioinformatics_practice.rosalind.WrightFisherModelTest">
        <test-method status="PASS" signature="factorialNegativeNumber()[pri:0, instance:bioinformatics_practice.rosalind.WrightFisherModelTest@735b478]" name="factorialNegativeNumber" duration-ms="13" started-at="2016-08-14T21:18:33Z" finished-at="2016-08-14T21:18:33Z">
          <exception class="java.lang.Exception">
            <message>
              <![CDATA[Factorial for -1 is undefined.]]>
            </message>
            <full-stacktrace>
              <![CDATA[java.lang.Exception: Factorial for -1 is undefined.
	at bioinformatics_practice.rosalind.WrightFisherModel.factorial(WrightFisherModel.java:13)
	at bioinformatics_practice.rosalind.WrightFisherModelTest.factorialNegativeNumber(WrightFisherModelTest.java:29)
	at sun.reflect.NativeMethodAccessorImpl.invoke0(Native Method)
	at sun.reflect.NativeMethodAccessorImpl.invoke(NativeMethodAccessorImpl.java:62)
	at sun.reflect.DelegatingMethodAccessorImpl.invoke(DelegatingMethodAccessorImpl.java:43)
	at java.lang.reflect.Method.invoke(Method.java:498)
	at org.testng.internal.MethodInvocationHelper.invokeMethod(MethodInvocationHelper.java:80)
	at org.testng.internal.Invoker.invokeMethod(Invoker.java:714)
	at org.testng.internal.Invoker.invokeTestMethod(Invoker.java:901)
	at org.testng.internal.Invoker.invokeTestMethods(Invoker.java:1231)
	at org.testng.internal.TestMethodWorker.invokeTestMethods(TestMethodWorker.java:127)
	at org.testng.internal.TestMethodWorker.run(TestMethodWorker.java:111)
	at org.testng.TestRunner.privateRun(TestRunner.java:767)
	at org.testng.TestRunner.run(TestRunner.java:617)
	at org.testng.SuiteRunner.runTest(SuiteRunner.java:334)
	at org.testng.SuiteRunner.runSequentially(SuiteRunner.java:329)
	at org.testng.SuiteRunner.privateRun(SuiteRunner.java:291)
	at org.testng.SuiteRunner.run(SuiteRunner.java:240)
	at org.testng.SuiteRunnerWorker.runSuite(SuiteRunnerWorker.java:52)
	at org.testng.SuiteRunnerWorker.run(SuiteRunnerWorker.java:86)
	at org.testng.TestNG.runSuitesSequentially(TestNG.java:1198)
	at org.testng.TestNG.runSuitesLocally(TestNG.java:1123)
	at org.testng.TestNG.run(TestNG.java:1031)
	at org.testng.remote.AbstractRemoteTestNG.run(AbstractRemoteTestNG.java:126)
	at org.testng.remote.RemoteTestNG.initAndRun(RemoteTestNG.java:152)
	at org.testng.remote.RemoteTestNG.main(RemoteTestNG.java:57)
]]>
            </full-stacktrace>
          </exception> <!-- java.lang.Exception -->
          <reporter-output>
          </reporter-output>
        </test-method> <!-- factorialNegativeNumber -->
        <test-method status="PASS" signature="factorialOne()[pri:0, instance:bioinformatics_practice.rosalind.WrightFisherModelTest@735b478]" name="factorialOne" duration-ms="5" started-at="2016-08-14T21:18:33Z" finished-at="2016-08-14T21:18:33Z">
          <reporter-output>
          </reporter-output>
        </test-method> <!-- factorialOne -->
        <test-method status="PASS" signature="factorialTest()[pri:0, instance:bioinformatics_practice.rosalind.WrightFisherModelTest@735b478]" name="factorialTest" duration-ms="2" started-at="2016-08-14T21:18:33Z" finished-at="2016-08-14T21:18:33Z">
          <reporter-output>
          </reporter-output>
        </test-method> <!-- factorialTest -->
        <test-method status="PASS" signature="factorialZero()[pri:0, instance:bioinformatics_practice.rosalind.WrightFisherModelTest@735b478]" name="factorialZero" duration-ms="6" started-at="2016-08-14T21:18:33Z" finished-at="2016-08-14T21:18:33Z">
          <reporter-output>
          </reporter-output>
        </test-method> <!-- factorialZero -->
      </class> <!-- bioinformatics_practice.rosalind.WrightFisherModelTest -->
    </test> <!-- Default test -->
  </suite> <!-- Default suite -->
</testng-results>
